The system is: Linux - 3.5.4-1-ARCH - i686
Compiling the C compiler identification source file "CMakeCCompilerId.c" succeeded.
Compiler: /usr/bin/gcc 
Build flags: 
Id flags: 

The output was:
0


Compilation of the C compiler identification source "CMakeCCompilerId.c" produced "a.out"

The C compiler identification is GNU, found in "/home/ivan/EPFL/courses/programming_concepts_in_scientific_computing/excercises/git_repo/chapter-01/CMakeFiles/CompilerIdC/a.out"

Compiling the CXX compiler identification source file "CMakeCXXCompilerId.cpp" succeeded.
Compiler: /usr/bin/c++ 
Build flags: 
Id flags: 

The output was:
0


Compilation of the CXX compiler identification source "CMakeCXXCompilerId.cpp" produced "a.out"

The CXX compiler identification is GNU, found in "/home/ivan/EPFL/courses/programming_concepts_in_scientific_computing/excercises/git_repo/chapter-01/CMakeFiles/CompilerIdCXX/a.out"

Determining if the C compiler works passed with the following output:
Change Dir: /home/ivan/EPFL/courses/programming_concepts_in_scientific_computing/excercises/git_repo/chapter-01/CMakeFiles/CMakeTmp

Run Build Command:/usr/bin/make "cmTryCompileExec3283706405/fast"
/usr/bin/make -f CMakeFiles/cmTryCompileExec3283706405.dir/build.make CMakeFiles/cmTryCompileExec3283706405.dir/build
make[1]: Entering directory `/home/ivan/Dropbox/EPFL/courses/programming_concepts_in_scientific_computing/excercises/git_repo/chapter-01/CMakeFiles/CMakeTmp'
/usr/bin/cmake -E cmake_progress_report /home/ivan/EPFL/courses/programming_concepts_in_scientific_computing/excercises/git_repo/chapter-01/CMakeFiles/CMakeTmp/CMakeFiles 1
Building C object CMakeFiles/cmTryCompileExec3283706405.dir/testCCompiler.c.o
/usr/bin/gcc    -o CMakeFiles/cmTryCompileExec3283706405.dir/testCCompiler.c.o   -c /home/ivan/EPFL/courses/programming_concepts_in_scientific_computing/excercises/git_repo/chapter-01/CMakeFiles/CMakeTmp/testCCompiler.c
Linking C executable cmTryCompileExec3283706405
/usr/bin/cmake -E cmake_link_script CMakeFiles/cmTryCompileExec3283706405.dir/link.txt --verbose=1
/usr/bin/gcc         CMakeFiles/cmTryCompileExec3283706405.dir/testCCompiler.c.o  -o cmTryCompileExec3283706405 -rdynamic 
make[1]: Leaving directory `/home/ivan/Dropbox/EPFL/courses/programming_concepts_in_scientific_computing/excercises/git_repo/chapter-01/CMakeFiles/CMakeTmp'


Detecting C compiler ABI info compiled with the following output:
Change Dir: /home/ivan/EPFL/courses/programming_concepts_in_scientific_computing/excercises/git_repo/chapter-01/CMakeFiles/CMakeTmp

Run Build Command:/usr/bin/make "cmTryCompileExec3266300258/fast"
/usr/bin/make -f CMakeFiles/cmTryCompileExec3266300258.dir/build.make CMakeFiles/cmTryCompileExec3266300258.dir/build
make[1]: Entering directory `/home/ivan/Dropbox/EPFL/courses/programming_concepts_in_scientific_computing/excercises/git_repo/chapter-01/CMakeFiles/CMakeTmp'
/usr/bin/cmake -E cmake_progress_report /home/ivan/EPFL/courses/programming_concepts_in_scientific_computing/excercises/git_repo/chapter-01/CMakeFiles/CMakeTmp/CMakeFiles 1
Building C object CMakeFiles/cmTryCompileExec3266300258.dir/CMakeCCompilerABI.c.o
/usr/bin/gcc    -o CMakeFiles/cmTryCompileExec3266300258.dir/CMakeCCompilerABI.c.o   -c /usr/share/cmake-2.8/Modules/CMakeCCompilerABI.c
Linking C executable cmTryCompileExec3266300258
/usr/bin/cmake -E cmake_link_script CMakeFiles/cmTryCompileExec3266300258.dir/link.txt --verbose=1
/usr/bin/gcc       -v CMakeFiles/cmTryCompileExec3266300258.dir/CMakeCCompilerABI.c.o  -o cmTryCompileExec3266300258 -rdynamic  
Using built-in specs.
COLLECT_GCC=/usr/bin/gcc
COLLECT_LTO_WRAPPER=/usr/lib/gcc/i686-pc-linux-gnu/4.7.1/lto-wrapper
Target: i686-pc-linux-gnu
Configured with: /build/src/gcc-4.7-20120721/configure --prefix=/usr --libdir=/usr/lib --libexecdir=/usr/lib --mandir=/usr/share/man --infodir=/usr/share/info --with-bugurl=https://bugs.archlinux.org/ --enable-languages=c,c++,ada,fortran,go,lto,objc,obj-c++ --enable-shared --enable-threads=posix --with-system-zlib --enable-__cxa_atexit --disable-libunwind-exceptions --enable-clocale=gnu --disable-libstdcxx-pch --enable-libstdcxx-time --enable-gnu-unique-object --enable-linker-build-id --with-ppl --enable-cloog-backend=isl --disable-ppl-version-check --disable-cloog-version-check --enable-lto --enable-gold --enable-ld=default --enable-plugin --with-plugin-ld=ld.gold --with-linker-hash-style=gnu --disable-multilib --disable-libssp --disable-build-with-cxx --disable-build-poststage1-with-cxx --enable-checking=release
Thread model: posix
gcc version 4.7.1 20120721 (prerelease) (GCC) 
COMPILER_PATH=/usr/lib/gcc/i686-pc-linux-gnu/4.7.1/:/usr/lib/gcc/i686-pc-linux-gnu/4.7.1/:/usr/lib/gcc/i686-pc-linux-gnu/:/usr/lib/gcc/i686-pc-linux-gnu/4.7.1/:/usr/lib/gcc/i686-pc-linux-gnu/
LIBRARY_PATH=/usr/lib/gcc/i686-pc-linux-gnu/4.7.1/:/usr/lib/gcc/i686-pc-linux-gnu/4.7.1/../../../:/lib/:/usr/lib/
COLLECT_GCC_OPTIONS='-v' '-o' 'cmTryCompileExec3266300258' '-rdynamic' '-mtune=generic' '-march=pentiumpro'
 /usr/lib/gcc/i686-pc-linux-gnu/4.7.1/collect2 --build-id --eh-frame-hdr --hash-style=gnu -m elf_i386 -export-dynamic -dynamic-linker /lib/ld-linux.so.2 -o cmTryCompileExec3266300258 /usr/lib/gcc/i686-pc-linux-gnu/4.7.1/../../../crt1.o /usr/lib/gcc/i686-pc-linux-gnu/4.7.1/../../../crti.o /usr/lib/gcc/i686-pc-linux-gnu/4.7.1/crtbegin.o -L/usr/lib/gcc/i686-pc-linux-gnu/4.7.1 -L/usr/lib/gcc/i686-pc-linux-gnu/4.7.1/../../.. CMakeFiles/cmTryCompileExec3266300258.dir/CMakeCCompilerABI.c.o -lgcc --as-needed -lgcc_s --no-as-needed -lc -lgcc --as-needed -lgcc_s --no-as-needed /usr/lib/gcc/i686-pc-linux-gnu/4.7.1/crtend.o /usr/lib/gcc/i686-pc-linux-gnu/4.7.1/../../../crtn.o
make[1]: Leaving directory `/home/ivan/Dropbox/EPFL/courses/programming_concepts_in_scientific_computing/excercises/git_repo/chapter-01/CMakeFiles/CMakeTmp'


Parsed C implicit link information from above output:
  link line regex: [^( *|.*[/\])(ld|ld|collect2)[^/\]*( |$)]
  ignore line: [Change Dir: /home/ivan/EPFL/courses/programming_concepts_in_scientific_computing/excercises/git_repo/chapter-01/CMakeFiles/CMakeTmp]
  ignore line: []
  ignore line: [Run Build Command:/usr/bin/make "cmTryCompileExec3266300258/fast"]
  ignore line: [/usr/bin/make -f CMakeFiles/cmTryCompileExec3266300258.dir/build.make CMakeFiles/cmTryCompileExec3266300258.dir/build]
  ignore line: [make[1]: Entering directory `/home/ivan/Dropbox/EPFL/courses/programming_concepts_in_scientific_computing/excercises/git_repo/chapter-01/CMakeFiles/CMakeTmp']
  ignore line: [/usr/bin/cmake -E cmake_progress_report /home/ivan/EPFL/courses/programming_concepts_in_scientific_computing/excercises/git_repo/chapter-01/CMakeFiles/CMakeTmp/CMakeFiles 1]
  ignore line: [Building C object CMakeFiles/cmTryCompileExec3266300258.dir/CMakeCCompilerABI.c.o]
  ignore line: [/usr/bin/gcc    -o CMakeFiles/cmTryCompileExec3266300258.dir/CMakeCCompilerABI.c.o   -c /usr/share/cmake-2.8/Modules/CMakeCCompilerABI.c]
  ignore line: [Linking C executable cmTryCompileExec3266300258]
  ignore line: [/usr/bin/cmake -E cmake_link_script CMakeFiles/cmTryCompileExec3266300258.dir/link.txt --verbose=1]
  ignore line: [/usr/bin/gcc       -v CMakeFiles/cmTryCompileExec3266300258.dir/CMakeCCompilerABI.c.o  -o cmTryCompileExec3266300258 -rdynamic  ]
  ignore line: [Using built-in specs.]
  ignore line: [COLLECT_GCC=/usr/bin/gcc]
  ignore line: [COLLECT_LTO_WRAPPER=/usr/lib/gcc/i686-pc-linux-gnu/4.7.1/lto-wrapper]
  ignore line: [Target: i686-pc-linux-gnu]
  ignore line: [Configured with: /build/src/gcc-4.7-20120721/configure --prefix=/usr --libdir=/usr/lib --libexecdir=/usr/lib --mandir=/usr/share/man --infodir=/usr/share/info --with-bugurl=https://bugs.archlinux.org/ --enable-languages=c,c++,ada,fortran,go,lto,objc,obj-c++ --enable-shared --enable-threads=posix --with-system-zlib --enable-__cxa_atexit --disable-libunwind-exceptions --enable-clocale=gnu --disable-libstdcxx-pch --enable-libstdcxx-time --enable-gnu-unique-object --enable-linker-build-id --with-ppl --enable-cloog-backend=isl --disable-ppl-version-check --disable-cloog-version-check --enable-lto --enable-gold --enable-ld=default --enable-plugin --with-plugin-ld=ld.gold --with-linker-hash-style=gnu --disable-multilib --disable-libssp --disable-build-with-cxx --disable-build-poststage1-with-cxx --enable-checking=release]
  ignore line: [Thread model: posix]
  ignore line: [gcc version 4.7.1 20120721 (prerelease) (GCC) ]
  ignore line: [COMPILER_PATH=/usr/lib/gcc/i686-pc-linux-gnu/4.7.1/:/usr/lib/gcc/i686-pc-linux-gnu/4.7.1/:/usr/lib/gcc/i686-pc-linux-gnu/:/usr/lib/gcc/i686-pc-linux-gnu/4.7.1/:/usr/lib/gcc/i686-pc-linux-gnu/]
  ignore line: [LIBRARY_PATH=/usr/lib/gcc/i686-pc-linux-gnu/4.7.1/:/usr/lib/gcc/i686-pc-linux-gnu/4.7.1/../../../:/lib/:/usr/lib/]
  ignore line: [COLLECT_GCC_OPTIONS='-v' '-o' 'cmTryCompileExec3266300258' '-rdynamic' '-mtune=generic' '-march=pentiumpro']
  link line: [ /usr/lib/gcc/i686-pc-linux-gnu/4.7.1/collect2 --build-id --eh-frame-hdr --hash-style=gnu -m elf_i386 -export-dynamic -dynamic-linker /lib/ld-linux.so.2 -o cmTryCompileExec3266300258 /usr/lib/gcc/i686-pc-linux-gnu/4.7.1/../../../crt1.o /usr/lib/gcc/i686-pc-linux-gnu/4.7.1/../../../crti.o /usr/lib/gcc/i686-pc-linux-gnu/4.7.1/crtbegin.o -L/usr/lib/gcc/i686-pc-linux-gnu/4.7.1 -L/usr/lib/gcc/i686-pc-linux-gnu/4.7.1/../../.. CMakeFiles/cmTryCompileExec3266300258.dir/CMakeCCompilerABI.c.o -lgcc --as-needed -lgcc_s --no-as-needed -lc -lgcc --as-needed -lgcc_s --no-as-needed /usr/lib/gcc/i686-pc-linux-gnu/4.7.1/crtend.o /usr/lib/gcc/i686-pc-linux-gnu/4.7.1/../../../crtn.o]
    arg [/usr/lib/gcc/i686-pc-linux-gnu/4.7.1/collect2] ==> ignore
    arg [--build-id] ==> ignore
    arg [--eh-frame-hdr] ==> ignore
    arg [--hash-style=gnu] ==> ignore
    arg [-m] ==> ignore
    arg [elf_i386] ==> ignore
    arg [-export-dynamic] ==> ignore
    arg [-dynamic-linker] ==> ignore
    arg [/lib/ld-linux.so.2] ==> ignore
    arg [-o] ==> ignore
    arg [cmTryCompileExec3266300258] ==> ignore
    arg [/usr/lib/gcc/i686-pc-linux-gnu/4.7.1/../../../crt1.o] ==> ignore
    arg [/usr/lib/gcc/i686-pc-linux-gnu/4.7.1/../../../crti.o] ==> ignore
    arg [/usr/lib/gcc/i686-pc-linux-gnu/4.7.1/crtbegin.o] ==> ignore
    arg [-L/usr/lib/gcc/i686-pc-linux-gnu/4.7.1] ==> dir [/usr/lib/gcc/i686-pc-linux-gnu/4.7.1]
    arg [-L/usr/lib/gcc/i686-pc-linux-gnu/4.7.1/../../..] ==> dir [/usr/lib/gcc/i686-pc-linux-gnu/4.7.1/../../..]
    arg [CMakeFiles/cmTryCompileExec3266300258.dir/CMakeCCompilerABI.c.o] ==> ignore
    arg [-lgcc] ==> lib [gcc]
    arg [--as-needed] ==> ignore
    arg [-lgcc_s] ==> lib [gcc_s]
    arg [--no-as-needed] ==> ignore
    arg [-lc] ==> lib [c]
    arg [-lgcc] ==> lib [gcc]
    arg [--as-needed] ==> ignore
    arg [-lgcc_s] ==> lib [gcc_s]
    arg [--no-as-needed] ==> ignore
    arg [/usr/lib/gcc/i686-pc-linux-gnu/4.7.1/crtend.o] ==> ignore
    arg [/usr/lib/gcc/i686-pc-linux-gnu/4.7.1/../../../crtn.o] ==> ignore
  remove lib [gcc]
  remove lib [gcc_s]
  remove lib [gcc]
  remove lib [gcc_s]
  collapse dir [/usr/lib/gcc/i686-pc-linux-gnu/4.7.1] ==> [/usr/lib/gcc/i686-pc-linux-gnu/4.7.1]
  collapse dir [/usr/lib/gcc/i686-pc-linux-gnu/4.7.1/../../..] ==> [/usr/lib]
  implicit libs: [c]
  implicit dirs: [/usr/lib/gcc/i686-pc-linux-gnu/4.7.1;/usr/lib]


Determining if the CXX compiler works passed with the following output:
Change Dir: /home/ivan/EPFL/courses/programming_concepts_in_scientific_computing/excercises/git_repo/chapter-01/CMakeFiles/CMakeTmp

Run Build Command:/usr/bin/make "cmTryCompileExec2246541711/fast"
/usr/bin/make -f CMakeFiles/cmTryCompileExec2246541711.dir/build.make CMakeFiles/cmTryCompileExec2246541711.dir/build
make[1]: Entering directory `/home/ivan/Dropbox/EPFL/courses/programming_concepts_in_scientific_computing/excercises/git_repo/chapter-01/CMakeFiles/CMakeTmp'
/usr/bin/cmake -E cmake_progress_report /home/ivan/EPFL/courses/programming_concepts_in_scientific_computing/excercises/git_repo/chapter-01/CMakeFiles/CMakeTmp/CMakeFiles 1
Building CXX object CMakeFiles/cmTryCompileExec2246541711.dir/testCXXCompiler.cxx.o
/usr/bin/c++     -o CMakeFiles/cmTryCompileExec2246541711.dir/testCXXCompiler.cxx.o -c /home/ivan/EPFL/courses/programming_concepts_in_scientific_computing/excercises/git_repo/chapter-01/CMakeFiles/CMakeTmp/testCXXCompiler.cxx
Linking CXX executable cmTryCompileExec2246541711
/usr/bin/cmake -E cmake_link_script CMakeFiles/cmTryCompileExec2246541711.dir/link.txt --verbose=1
/usr/bin/c++          CMakeFiles/cmTryCompileExec2246541711.dir/testCXXCompiler.cxx.o  -o cmTryCompileExec2246541711 -rdynamic 
make[1]: Leaving directory `/home/ivan/Dropbox/EPFL/courses/programming_concepts_in_scientific_computing/excercises/git_repo/chapter-01/CMakeFiles/CMakeTmp'


Detecting CXX compiler ABI info compiled with the following output:
Change Dir: /home/ivan/EPFL/courses/programming_concepts_in_scientific_computing/excercises/git_repo/chapter-01/CMakeFiles/CMakeTmp

Run Build Command:/usr/bin/make "cmTryCompileExec1410199183/fast"
/usr/bin/make -f CMakeFiles/cmTryCompileExec1410199183.dir/build.make CMakeFiles/cmTryCompileExec1410199183.dir/build
make[1]: Entering directory `/home/ivan/Dropbox/EPFL/courses/programming_concepts_in_scientific_computing/excercises/git_repo/chapter-01/CMakeFiles/CMakeTmp'
/usr/bin/cmake -E cmake_progress_report /home/ivan/EPFL/courses/programming_concepts_in_scientific_computing/excercises/git_repo/chapter-01/CMakeFiles/CMakeTmp/CMakeFiles 1
Building CXX object CMakeFiles/cmTryCompileExec1410199183.dir/CMakeCXXCompilerABI.cpp.o
/usr/bin/c++     -o CMakeFiles/cmTryCompileExec1410199183.dir/CMakeCXXCompilerABI.cpp.o -c /usr/share/cmake-2.8/Modules/CMakeCXXCompilerABI.cpp
Linking CXX executable cmTryCompileExec1410199183
/usr/bin/cmake -E cmake_link_script CMakeFiles/cmTryCompileExec1410199183.dir/link.txt --verbose=1
/usr/bin/c++        -v CMakeFiles/cmTryCompileExec1410199183.dir/CMakeCXXCompilerABI.cpp.o  -o cmTryCompileExec1410199183 -rdynamic  
Using built-in specs.
COLLECT_GCC=/usr/bin/c++
COLLECT_LTO_WRAPPER=/usr/lib/gcc/i686-pc-linux-gnu/4.7.1/lto-wrapper
Target: i686-pc-linux-gnu
Configured with: /build/src/gcc-4.7-20120721/configure --prefix=/usr --libdir=/usr/lib --libexecdir=/usr/lib --mandir=/usr/share/man --infodir=/usr/share/info --with-bugurl=https://bugs.archlinux.org/ --enable-languages=c,c++,ada,fortran,go,lto,objc,obj-c++ --enable-shared --enable-threads=posix --with-system-zlib --enable-__cxa_atexit --disable-libunwind-exceptions --enable-clocale=gnu --disable-libstdcxx-pch --enable-libstdcxx-time --enable-gnu-unique-object --enable-linker-build-id --with-ppl --enable-cloog-backend=isl --disable-ppl-version-check --disable-cloog-version-check --enable-lto --enable-gold --enable-ld=default --enable-plugin --with-plugin-ld=ld.gold --with-linker-hash-style=gnu --disable-multilib --disable-libssp --disable-build-with-cxx --disable-build-poststage1-with-cxx --enable-checking=release
Thread model: posix
gcc version 4.7.1 20120721 (prerelease) (GCC) 
COMPILER_PATH=/usr/lib/gcc/i686-pc-linux-gnu/4.7.1/:/usr/lib/gcc/i686-pc-linux-gnu/4.7.1/:/usr/lib/gcc/i686-pc-linux-gnu/:/usr/lib/gcc/i686-pc-linux-gnu/4.7.1/:/usr/lib/gcc/i686-pc-linux-gnu/
LIBRARY_PATH=/usr/lib/gcc/i686-pc-linux-gnu/4.7.1/:/usr/lib/gcc/i686-pc-linux-gnu/4.7.1/../../../:/lib/:/usr/lib/
COLLECT_GCC_OPTIONS='-v' '-o' 'cmTryCompileExec1410199183' '-rdynamic' '-shared-libgcc' '-mtune=generic' '-march=pentiumpro'
 /usr/lib/gcc/i686-pc-linux-gnu/4.7.1/collect2 --build-id --eh-frame-hdr --hash-style=gnu -m elf_i386 -export-dynamic -dynamic-linker /lib/ld-linux.so.2 -o cmTryCompileExec1410199183 /usr/lib/gcc/i686-pc-linux-gnu/4.7.1/../../../crt1.o /usr/lib/gcc/i686-pc-linux-gnu/4.7.1/../../../crti.o /usr/lib/gcc/i686-pc-linux-gnu/4.7.1/crtbegin.o -L/usr/lib/gcc/i686-pc-linux-gnu/4.7.1 -L/usr/lib/gcc/i686-pc-linux-gnu/4.7.1/../../.. CMakeFiles/cmTryCompileExec1410199183.dir/CMakeCXXCompilerABI.cpp.o -lstdc++ -lm -lgcc_s -lgcc -lc -lgcc_s -lgcc /usr/lib/gcc/i686-pc-linux-gnu/4.7.1/crtend.o /usr/lib/gcc/i686-pc-linux-gnu/4.7.1/../../../crtn.o
make[1]: Leaving directory `/home/ivan/Dropbox/EPFL/courses/programming_concepts_in_scientific_computing/excercises/git_repo/chapter-01/CMakeFiles/CMakeTmp'


Parsed CXX implicit link information from above output:
  link line regex: [^( *|.*[/\])(ld|ld|collect2)[^/\]*( |$)]
  ignore line: [Change Dir: /home/ivan/EPFL/courses/programming_concepts_in_scientific_computing/excercises/git_repo/chapter-01/CMakeFiles/CMakeTmp]
  ignore line: []
  ignore line: [Run Build Command:/usr/bin/make "cmTryCompileExec1410199183/fast"]
  ignore line: [/usr/bin/make -f CMakeFiles/cmTryCompileExec1410199183.dir/build.make CMakeFiles/cmTryCompileExec1410199183.dir/build]
  ignore line: [make[1]: Entering directory `/home/ivan/Dropbox/EPFL/courses/programming_concepts_in_scientific_computing/excercises/git_repo/chapter-01/CMakeFiles/CMakeTmp']
  ignore line: [/usr/bin/cmake -E cmake_progress_report /home/ivan/EPFL/courses/programming_concepts_in_scientific_computing/excercises/git_repo/chapter-01/CMakeFiles/CMakeTmp/CMakeFiles 1]
  ignore line: [Building CXX object CMakeFiles/cmTryCompileExec1410199183.dir/CMakeCXXCompilerABI.cpp.o]
  ignore line: [/usr/bin/c++     -o CMakeFiles/cmTryCompileExec1410199183.dir/CMakeCXXCompilerABI.cpp.o -c /usr/share/cmake-2.8/Modules/CMakeCXXCompilerABI.cpp]
  ignore line: [Linking CXX executable cmTryCompileExec1410199183]
  ignore line: [/usr/bin/cmake -E cmake_link_script CMakeFiles/cmTryCompileExec1410199183.dir/link.txt --verbose=1]
  ignore line: [/usr/bin/c++        -v CMakeFiles/cmTryCompileExec1410199183.dir/CMakeCXXCompilerABI.cpp.o  -o cmTryCompileExec1410199183 -rdynamic  ]
  ignore line: [Using built-in specs.]
  ignore line: [COLLECT_GCC=/usr/bin/c++]
  ignore line: [COLLECT_LTO_WRAPPER=/usr/lib/gcc/i686-pc-linux-gnu/4.7.1/lto-wrapper]
  ignore line: [Target: i686-pc-linux-gnu]
  ignore line: [Configured with: /build/src/gcc-4.7-20120721/configure --prefix=/usr --libdir=/usr/lib --libexecdir=/usr/lib --mandir=/usr/share/man --infodir=/usr/share/info --with-bugurl=https://bugs.archlinux.org/ --enable-languages=c,c++,ada,fortran,go,lto,objc,obj-c++ --enable-shared --enable-threads=posix --with-system-zlib --enable-__cxa_atexit --disable-libunwind-exceptions --enable-clocale=gnu --disable-libstdcxx-pch --enable-libstdcxx-time --enable-gnu-unique-object --enable-linker-build-id --with-ppl --enable-cloog-backend=isl --disable-ppl-version-check --disable-cloog-version-check --enable-lto --enable-gold --enable-ld=default --enable-plugin --with-plugin-ld=ld.gold --with-linker-hash-style=gnu --disable-multilib --disable-libssp --disable-build-with-cxx --disable-build-poststage1-with-cxx --enable-checking=release]
  ignore line: [Thread model: posix]
  ignore line: [gcc version 4.7.1 20120721 (prerelease) (GCC) ]
  ignore line: [COMPILER_PATH=/usr/lib/gcc/i686-pc-linux-gnu/4.7.1/:/usr/lib/gcc/i686-pc-linux-gnu/4.7.1/:/usr/lib/gcc/i686-pc-linux-gnu/:/usr/lib/gcc/i686-pc-linux-gnu/4.7.1/:/usr/lib/gcc/i686-pc-linux-gnu/]
  ignore line: [LIBRARY_PATH=/usr/lib/gcc/i686-pc-linux-gnu/4.7.1/:/usr/lib/gcc/i686-pc-linux-gnu/4.7.1/../../../:/lib/:/usr/lib/]
  ignore line: [COLLECT_GCC_OPTIONS='-v' '-o' 'cmTryCompileExec1410199183' '-rdynamic' '-shared-libgcc' '-mtune=generic' '-march=pentiumpro']
  link line: [ /usr/lib/gcc/i686-pc-linux-gnu/4.7.1/collect2 --build-id --eh-frame-hdr --hash-style=gnu -m elf_i386 -export-dynamic -dynamic-linker /lib/ld-linux.so.2 -o cmTryCompileExec1410199183 /usr/lib/gcc/i686-pc-linux-gnu/4.7.1/../../../crt1.o /usr/lib/gcc/i686-pc-linux-gnu/4.7.1/../../../crti.o /usr/lib/gcc/i686-pc-linux-gnu/4.7.1/crtbegin.o -L/usr/lib/gcc/i686-pc-linux-gnu/4.7.1 -L/usr/lib/gcc/i686-pc-linux-gnu/4.7.1/../../.. CMakeFiles/cmTryCompileExec1410199183.dir/CMakeCXXCompilerABI.cpp.o -lstdc++ -lm -lgcc_s -lgcc -lc -lgcc_s -lgcc /usr/lib/gcc/i686-pc-linux-gnu/4.7.1/crtend.o /usr/lib/gcc/i686-pc-linux-gnu/4.7.1/../../../crtn.o]
    arg [/usr/lib/gcc/i686-pc-linux-gnu/4.7.1/collect2] ==> ignore
    arg [--build-id] ==> ignore
    arg [--eh-frame-hdr] ==> ignore
    arg [--hash-style=gnu] ==> ignore
    arg [-m] ==> ignore
    arg [elf_i386] ==> ignore
    arg [-export-dynamic] ==> ignore
    arg [-dynamic-linker] ==> ignore
    arg [/lib/ld-linux.so.2] ==> ignore
    arg [-o] ==> ignore
    arg [cmTryCompileExec1410199183] ==> ignore
    arg [/usr/lib/gcc/i686-pc-linux-gnu/4.7.1/../../../crt1.o] ==> ignore
    arg [/usr/lib/gcc/i686-pc-linux-gnu/4.7.1/../../../crti.o] ==> ignore
    arg [/usr/lib/gcc/i686-pc-linux-gnu/4.7.1/crtbegin.o] ==> ignore
    arg [-L/usr/lib/gcc/i686-pc-linux-gnu/4.7.1] ==> dir [/usr/lib/gcc/i686-pc-linux-gnu/4.7.1]
    arg [-L/usr/lib/gcc/i686-pc-linux-gnu/4.7.1/../../..] ==> dir [/usr/lib/gcc/i686-pc-linux-gnu/4.7.1/../../..]
    arg [CMakeFiles/cmTryCompileExec1410199183.dir/CMakeCXXCompilerABI.cpp.o] ==> ignore
    arg [-lstdc++] ==> lib [stdc++]
    arg [-lm] ==> lib [m]
    arg [-lgcc_s] ==> lib [gcc_s]
    arg [-lgcc] ==> lib [gcc]
    arg [-lc] ==> lib [c]
    arg [-lgcc_s] ==> lib [gcc_s]
    arg [-lgcc] ==> lib [gcc]
    arg [/usr/lib/gcc/i686-pc-linux-gnu/4.7.1/crtend.o] ==> ignore
    arg [/usr/lib/gcc/i686-pc-linux-gnu/4.7.1/../../../crtn.o] ==> ignore
  remove lib [gcc_s]
  remove lib [gcc]
  remove lib [gcc_s]
  remove lib [gcc]
  collapse dir [/usr/lib/gcc/i686-pc-linux-gnu/4.7.1] ==> [/usr/lib/gcc/i686-pc-linux-gnu/4.7.1]
  collapse dir [/usr/lib/gcc/i686-pc-linux-gnu/4.7.1/../../..] ==> [/usr/lib]
  implicit libs: [stdc++;m;c]
  implicit dirs: [/usr/lib/gcc/i686-pc-linux-gnu/4.7.1;/usr/lib]


